2025-07-24 17:31:18,735 - etf_data_warehouse - INFO - 开始构建ETF/指数数据仓库...
2025-07-24 17:31:18,737 - etf_data_warehouse - INFO - 标的池读取成功，共 2202 个标的
2025-07-24 17:31:25,044 - etf_data_warehouse - WARNING - ⚠️ 588130.SH 价格数据为空
2025-07-24 17:31:25,082 - etf_data_warehouse - WARNING - ⚠️ 159226.SZ 价格数据为空
2025-07-24 17:31:25,104 - etf_data_warehouse - WARNING - ⚠️ 563830.SH 价格数据为空
2025-07-24 17:31:26,375 - etf_data_warehouse - WARNING - ⚠️ 159239.SZ 价格数据为空
2025-07-24 17:31:28,883 - etf_data_warehouse - WARNING - ⚠️ 159241.SZ 价格数据为空
2025-07-24 17:31:30,446 - etf_data_warehouse - WARNING - ⚠️ 159218.SZ 价格数据为空
2025-07-24 17:31:30,684 - etf_data_warehouse - WARNING - ⚠️ 563770.SH 价格数据为空
2025-07-24 17:31:31,883 - etf_data_warehouse - WARNING - ⚠️ 563060.SH 价格数据为空
2025-07-24 17:31:34,210 - etf_data_warehouse - WARNING - ⚠️ 563550.SH 价格数据为空
2025-07-24 17:31:34,464 - etf_data_warehouse - WARNING - ⚠️ 159229.SZ 价格数据为空
2025-07-24 17:31:36,468 - etf_data_warehouse - WARNING - ⚠️ 159392.SZ 价格数据为空
2025-07-24 17:31:41,112 - etf_data_warehouse - WARNING - ⚠️ 159227.SZ 价格数据为空
2025-07-24 17:31:41,314 - etf_data_warehouse - WARNING - ⚠️ 159221.SZ 价格数据为空
2025-07-24 17:31:41,744 - etf_data_warehouse - WARNING - ⚠️ 563680.SH 价格数据为空
2025-07-24 17:31:44,019 - etf_data_warehouse - WARNING - ⚠️ 563780.SH 价格数据为空
2025-07-24 17:31:48,051 - etf_data_warehouse - WARNING - ⚠️ 159208.SZ 价格数据为空
2025-07-24 17:31:50,021 - etf_data_warehouse - WARNING - ⚠️ 159236.SZ 价格数据为空
2025-07-24 17:31:50,116 - etf_data_warehouse - WARNING - ⚠️ 159220.SZ 价格数据为空
2025-07-24 17:31:52,898 - etf_data_warehouse - WARNING - ⚠️ 508085.SH 价格数据为空
2025-07-24 17:31:54,594 - etf_data_warehouse - WARNING - ⚠️ 561870.SH 价格数据为空
2025-07-24 17:31:55,745 - etf_data_warehouse - WARNING - ⚠️ 159219.SZ 价格数据为空
2025-07-24 17:31:57,101 - etf_data_warehouse - WARNING - ⚠️ 589980.SH 价格数据为空
2025-07-24 17:31:58,518 - etf_data_warehouse - WARNING - ⚠️ 159382.SZ 价格数据为空
2025-07-24 17:31:58,636 - etf_data_warehouse - WARNING - ⚠️ 563900.SH 价格数据为空
2025-07-24 17:32:01,312 - etf_data_warehouse - WARNING - ⚠️ 561080.SH 价格数据为空
2025-07-24 17:32:02,842 - etf_data_warehouse - WARNING - ⚠️ 159235.SZ 价格数据为空
2025-07-24 17:32:02,842 - etf_data_warehouse - WARNING - ⚠️ 159232.SZ 价格数据为空
2025-07-24 17:32:04,194 - etf_data_warehouse - WARNING - ⚠️ 563390.SH 价格数据为空
2025-07-24 17:32:04,273 - etf_data_warehouse - INFO - ✅ 516460.SH 数据处理完成
2025-07-24 17:32:06,415 - etf_data_warehouse - INFO - ✅ 510320.SH 数据处理完成
2025-07-24 17:32:06,859 - etf_data_warehouse - WARNING - ⚠️ 159231.SZ 价格数据为空
2025-07-24 17:32:08,360 - etf_data_warehouse - WARNING - ⚠️ 563700.SH 价格数据为空
2025-07-24 17:32:10,734 - etf_data_warehouse - WARNING - ⚠️ 588850.SH 价格数据为空
2025-07-24 17:32:12,140 - etf_data_warehouse - WARNING - ⚠️ 563990.SH 价格数据为空
2025-07-24 17:32:12,639 - etf_data_warehouse - WARNING - ⚠️ 159225.SZ 价格数据为空
2025-07-24 17:32:13,369 - etf_data_warehouse - WARNING - ⚠️ 159213.SZ 价格数据为空
2025-07-24 17:32:14,767 - etf_data_warehouse - INFO - ✅ 512250.SH 数据处理完成
2025-07-24 17:32:16,552 - etf_data_warehouse - WARNING - ⚠️ 159222.SZ 价格数据为空
2025-07-24 17:32:18,284 - etf_data_warehouse - WARNING - ⚠️ 159391.SZ 价格数据为空
2025-07-24 17:32:18,727 - etf_data_warehouse - WARNING - ⚠️ 562080.SH 价格数据为空
2025-07-24 17:32:21,659 - etf_data_warehouse - WARNING - ⚠️ 588040.SH 价格数据为空
2025-07-24 17:32:22,110 - etf_data_warehouse - WARNING - ⚠️ 589300.SH 价格数据为空
2025-07-24 17:32:23,731 - etf_data_warehouse - WARNING - ⚠️ 159211.SZ 价格数据为空
2025-07-24 17:32:23,977 - etf_data_warehouse - WARNING - ⚠️ 159366.SZ 价格数据为空
2025-07-24 17:32:24,158 - etf_data_warehouse - WARNING - ⚠️ 159377.SZ 价格数据为空
2025-07-24 17:32:27,118 - etf_data_warehouse - WARNING - ⚠️ 159216.SZ 价格数据为空
2025-07-24 17:32:27,602 - etf_data_warehouse - WARNING - ⚠️ 159202.SZ 价格数据为空
2025-07-24 18:01:39,783 - etf_data_warehouse - INFO - 开始构建ETF/指数数据仓库...
2025-07-24 18:01:39,785 - etf_data_warehouse - INFO - 标的池读取成功，共 6 个标的
2025-07-24 18:01:41,567 - etf_data_warehouse - INFO - ✅ 000001.SH 数据处理完成
2025-07-24 18:01:41,578 - etf_data_warehouse - INFO - ✅ 510050.SH 数据处理完成
2025-07-24 18:01:41,595 - etf_data_warehouse - INFO - ✅ 510300.SH 数据处理完成
2025-07-24 18:01:41,661 - etf_data_warehouse - INFO - ✅ 000300.SH 数据处理完成
2025-07-24 18:01:42,239 - etf_data_warehouse - INFO - ✅ 510500.SH 数据处理完成
2025-07-24 18:01:43,410 - etf_data_warehouse - INFO - ✅ 000905.SH 数据处理完成
2025-07-24 18:01:43,411 - etf_data_warehouse - INFO - ✅ 数据仓刷新完成，成功处理 6/6 只股票
2025-07-24 18:19:52,255 - etf_data_warehouse - INFO - 开始构建ETF/指数数据仓库...
2025-07-24 18:19:52,256 - etf_data_warehouse - INFO - 标的池读取成功，共 9 个标的
2025-07-24 18:19:54,397 - etf_data_warehouse - INFO - ✅ 000001.SH 数据处理完成
2025-07-24 18:19:54,399 - etf_data_warehouse - INFO - ✅ 000905.SH 数据处理完成
2025-07-24 18:19:54,399 - etf_data_warehouse - INFO - ✅ 000300.SH 数据处理完成
2025-07-24 18:19:54,443 - etf_data_warehouse - INFO - ✅ 000852.SH 数据处理完成
2025-07-24 18:19:54,465 - etf_data_warehouse - INFO - ✅ 399001.SZ 数据处理完成
2025-07-24 18:19:56,273 - etf_data_warehouse - INFO - ✅ 399006.SZ 数据处理完成
2025-07-24 18:19:56,276 - etf_data_warehouse - INFO - ✅ 000688.SH 数据处理完成
2025-07-24 18:19:56,333 - etf_data_warehouse - INFO - ✅ 000016.SH 数据处理完成
2025-07-24 18:20:01,230 - etf_data_warehouse - ERROR - ❌ 处理 932000.CSI 时出错: index -1 is out of bounds for axis 0 with size 0
2025-07-24 18:20:01,231 - etf_data_warehouse - INFO - ✅ 数据仓刷新完成，成功处理 8/9 只股票
2025-07-24 18:20:17,783 - etf_data_warehouse - INFO - 开始构建ETF/指数数据仓库...
2025-07-24 18:20:17,784 - etf_data_warehouse - INFO - 标的池读取成功，共 9 个标的
2025-07-24 18:20:19,608 - etf_data_warehouse - INFO - ✅ 399001.SZ 数据处理完成
2025-07-24 18:20:19,739 - etf_data_warehouse - INFO - ✅ 000001.SH 数据处理完成
2025-07-24 18:20:19,789 - etf_data_warehouse - INFO - ✅ 000300.SH 数据处理完成
2025-07-24 18:20:19,803 - etf_data_warehouse - INFO - ✅ 000905.SH 数据处理完成
2025-07-24 18:20:20,248 - etf_data_warehouse - INFO - ✅ 000852.SH 数据处理完成
2025-07-24 18:20:21,387 - etf_data_warehouse - INFO - ✅ 399006.SZ 数据处理完成
2025-07-24 18:20:21,751 - etf_data_warehouse - INFO - ✅ 000688.SH 数据处理完成
2025-07-24 18:20:21,929 - etf_data_warehouse - INFO - ✅ 000016.SH 数据处理完成
2025-07-24 18:20:27,331 - etf_data_warehouse - ERROR - ❌ 处理 932000.CSI 时出错: index -1 is out of bounds for axis 0 with size 0
2025-07-24 18:20:27,331 - etf_data_warehouse - INFO - ✅ 数据仓刷新完成，成功处理 8/9 只股票
2025-07-24 18:26:55,265 - etf_data_warehouse - INFO - 开始构建ETF/指数数据仓库...
2025-07-24 18:26:55,266 - etf_data_warehouse - INFO - 标的池读取成功，共 9 个标的
2025-07-24 18:26:57,081 - etf_data_warehouse - INFO - ✅ 399001.SZ 数据处理完成
2025-07-24 18:26:57,082 - etf_data_warehouse - INFO - ✅ 000300.SH 数据处理完成
2025-07-24 18:26:57,091 - etf_data_warehouse - INFO - ✅ 000852.SH 数据处理完成
2025-07-24 18:26:57,189 - etf_data_warehouse - INFO - ✅ 000001.SH 数据处理完成
2025-07-24 18:26:57,208 - etf_data_warehouse - INFO - ✅ 000905.SH 数据处理完成
2025-07-24 18:26:58,968 - etf_data_warehouse - INFO - ✅ 000688.SH 数据处理完成
2025-07-24 18:26:58,970 - etf_data_warehouse - INFO - ✅ 000016.SH 数据处理完成
2025-07-24 18:26:58,972 - etf_data_warehouse - INFO - ✅ 932000.CSI 数据处理完成
2025-07-24 18:26:59,228 - etf_data_warehouse - INFO - ✅ 399006.SZ 数据处理完成
2025-07-24 18:26:59,229 - etf_data_warehouse - INFO - ✅ 数据仓刷新完成，成功处理 9/9 只股票
2025-07-24 18:27:06,972 - etf_data_warehouse - INFO - 开始构建ETF/指数数据仓库...
2025-07-24 18:27:06,973 - etf_data_warehouse - INFO - 标的池读取成功，共 9 个标的
2025-07-24 18:27:08,838 - etf_data_warehouse - INFO - ✅ 000905.SH 数据处理完成
2025-07-24 18:27:08,840 - etf_data_warehouse - INFO - ✅ 000300.SH 数据处理完成
2025-07-24 18:27:08,899 - etf_data_warehouse - INFO - ✅ 399001.SZ 数据处理完成
2025-07-24 18:27:08,899 - etf_data_warehouse - INFO - ✅ 000001.SH 数据处理完成
2025-07-24 18:27:08,935 - etf_data_warehouse - INFO - ✅ 000852.SH 数据处理完成
2025-07-24 18:27:10,587 - etf_data_warehouse - INFO - ✅ 000016.SH 数据处理完成
2025-07-24 18:27:10,658 - etf_data_warehouse - INFO - ✅ 000688.SH 数据处理完成
2025-07-24 18:27:10,811 - etf_data_warehouse - INFO - ✅ 399006.SZ 数据处理完成
2025-07-24 18:27:10,872 - etf_data_warehouse - INFO - ✅ 932000.CSI 数据处理完成
2025-07-24 18:27:10,873 - etf_data_warehouse - INFO - ✅ 数据仓刷新完成，成功处理 9/9 只股票
2025-07-24 18:33:00,058 - etf_data_warehouse - INFO - 开始构建ETF/指数数据仓库...
2025-07-24 18:33:00,059 - etf_data_warehouse - INFO - 标的池读取成功，共 2202 个标的
2025-07-24 18:33:06,618 - etf_data_warehouse - ERROR - ❌ 处理 159239.SZ 时出错: index -1 is out of bounds for axis 0 with size 0
2025-07-24 18:33:06,637 - etf_data_warehouse - ERROR - ❌ 处理 588130.SH 时出错: index -1 is out of bounds for axis 0 with size 0
2025-07-24 18:33:06,661 - etf_data_warehouse - ERROR - ❌ 处理 563830.SH 时出错: index -1 is out of bounds for axis 0 with size 0
2025-07-24 18:33:09,948 - etf_data_warehouse - ERROR - ❌ 处理 159226.SZ 时出错: index -1 is out of bounds for axis 0 with size 0
2025-07-24 18:33:11,519 - etf_data_warehouse - ERROR - ❌ 处理 159241.SZ 时出错: index -1 is out of bounds for axis 0 with size 0
2025-07-24 18:33:12,265 - etf_data_warehouse - ERROR - ❌ 处理 563770.SH 时出错: index -1 is out of bounds for axis 0 with size 0
2025-07-24 18:33:12,303 - etf_data_warehouse - ERROR - ❌ 处理 159218.SZ 时出错: index -1 is out of bounds for axis 0 with size 0
2025-07-24 18:33:14,271 - etf_data_warehouse - ERROR - ❌ 处理 563550.SH 时出错: index -1 is out of bounds for axis 0 with size 0
2025-07-24 18:33:15,656 - etf_data_warehouse - ERROR - ❌ 处理 563060.SH 时出错: index -1 is out of bounds for axis 0 with size 0
2025-07-24 18:33:17,332 - etf_data_warehouse - ERROR - ❌ 处理 159229.SZ 时出错: index -1 is out of bounds for axis 0 with size 0
2025-07-24 18:33:18,021 - etf_data_warehouse - ERROR - ❌ 处理 159392.SZ 时出错: index -1 is out of bounds for axis 0 with size 0
2025-07-24 18:33:18,042 - etf_data_warehouse - ERROR - ❌ 处理 159227.SZ 时出错: index -1 is out of bounds for axis 0 with size 0
2025-07-24 18:33:20,250 - etf_data_warehouse - ERROR - ❌ 处理 563680.SH 时出错: index -1 is out of bounds for axis 0 with size 0
2025-07-24 18:33:21,239 - etf_data_warehouse - ERROR - ❌ 处理 159236.SZ 时出错: index -1 is out of bounds for axis 0 with size 0
2025-07-24 18:33:23,516 - etf_data_warehouse - ERROR - ❌ 处理 563780.SH 时出错: index -1 is out of bounds for axis 0 with size 0
2025-07-24 18:33:23,725 - etf_data_warehouse - ERROR - ❌ 处理 159221.SZ 时出错: index -1 is out of bounds for axis 0 with size 0
2025-07-24 18:33:26,970 - etf_data_warehouse - ERROR - ❌ 处理 159220.SZ 时出错: index -1 is out of bounds for axis 0 with size 0
2025-07-24 18:33:28,917 - etf_data_warehouse - ERROR - ❌ 处理 561870.SH 时出错: index -1 is out of bounds for axis 0 with size 0
2025-07-24 18:33:29,088 - etf_data_warehouse - ERROR - ❌ 处理 159208.SZ 时出错: index -1 is out of bounds for axis 0 with size 0
2025-07-24 18:33:29,254 - etf_data_warehouse - ERROR - ❌ 处理 589980.SH 时出错: index -1 is out of bounds for axis 0 with size 0
2025-07-24 18:33:30,499 - etf_data_warehouse - ERROR - ❌ 处理 508085.SH 时出错: index -1 is out of bounds for axis 0 with size 0
2025-07-24 18:33:33,031 - etf_data_warehouse - ERROR - ❌ 处理 563900.SH 时出错: index -1 is out of bounds for axis 0 with size 0
2025-07-24 18:33:34,482 - etf_data_warehouse - ERROR - ❌ 处理 159219.SZ 时出错: index -1 is out of bounds for axis 0 with size 0
2025-07-24 18:33:34,777 - etf_data_warehouse - ERROR - ❌ 处理 159235.SZ 时出错: index -1 is out of bounds for axis 0 with size 0
2025-07-24 18:33:35,801 - etf_data_warehouse - ERROR - ❌ 处理 159382.SZ 时出错: index -1 is out of bounds for axis 0 with size 0
2025-07-24 18:33:38,479 - etf_data_warehouse - INFO - 开始构建ETF/指数数据仓库...
2025-07-24 18:33:38,481 - etf_data_warehouse - INFO - 标的池读取成功，共 2202 个标的
2025-07-24 18:33:42,810 - etf_data_warehouse - ERROR - ❌ 处理 159239.SZ 时出错: index -1 is out of bounds for axis 0 with size 0
2025-07-24 18:33:45,057 - etf_data_warehouse - ERROR - ❌ 处理 563830.SH 时出错: index -1 is out of bounds for axis 0 with size 0
2025-07-24 18:33:45,235 - etf_data_warehouse - ERROR - ❌ 处理 159241.SZ 时出错: index -1 is out of bounds for axis 0 with size 0
2025-07-24 18:33:46,909 - etf_data_warehouse - ERROR - ❌ 处理 159218.SZ 时出错: index -1 is out of bounds for axis 0 with size 0
2025-07-24 18:33:46,965 - etf_data_warehouse - ERROR - ❌ 处理 159226.SZ 时出错: index -1 is out of bounds for axis 0 with size 0
2025-07-24 18:33:48,370 - etf_data_warehouse - ERROR - ❌ 处理 588130.SH 时出错: index -1 is out of bounds for axis 0 with size 0
2025-07-24 18:33:49,079 - etf_data_warehouse - ERROR - ❌ 处理 563550.SH 时出错: index -1 is out of bounds for axis 0 with size 0
2025-07-24 18:33:50,759 - etf_data_warehouse - ERROR - ❌ 处理 563770.SH 时出错: index -1 is out of bounds for axis 0 with size 0
2025-07-24 18:33:51,083 - etf_data_warehouse - ERROR - ❌ 处理 159229.SZ 时出错: index -1 is out of bounds for axis 0 with size 0
2025-07-24 18:33:51,210 - etf_data_warehouse - ERROR - ❌ 处理 563060.SH 时出错: index -1 is out of bounds for axis 0 with size 0
2025-07-24 18:36:41,488 - etf_data_warehouse - INFO - 开始构建ETF/指数数据仓库...
2025-07-24 18:36:41,489 - etf_data_warehouse - INFO - 标的池读取成功，共 15 个标的 (来源: universe_small.csv)
2025-07-24 18:36:43,196 - etf_data_warehouse - INFO - ✅ 000852.SH 数据处理完成 (861个交易日)
2025-07-24 18:36:43,246 - etf_data_warehouse - INFO - ✅ 000016.SH 数据处理完成 (861个交易日)
2025-07-24 18:36:44,844 - etf_data_warehouse - INFO - ✅ 399001.SZ 数据处理完成 (861个交易日)
2025-07-24 18:36:44,988 - etf_data_warehouse - INFO - ✅ 000688.SH 数据处理完成 (861个交易日)
2025-07-24 18:36:46,315 - etf_data_warehouse - INFO - ✅ 000905.SH 数据处理完成 (861个交易日)
2025-07-24 18:36:46,500 - etf_data_warehouse - WARNING - ⚠️ 000300.SH 无法获取到数据，可能是新上市或已退市
2025-07-24 18:36:46,500 - etf_data_warehouse - WARNING - ⚠️ 000001.SH 无法获取到数据，可能是新上市或已退市
2025-07-24 18:36:46,805 - etf_data_warehouse - INFO - ✅ 932000.CSI 数据处理完成 (861个交易日)
2025-07-24 18:36:47,936 - etf_data_warehouse - INFO - ✅ 510050.SH 数据处理完成 (861个交易日)
2025-07-24 18:36:48,059 - etf_data_warehouse - INFO - ✅ 510300.SH 数据处理完成 (861个交易日)
2025-07-24 18:36:48,072 - etf_data_warehouse - INFO - ✅ 510500.SH 数据处理完成 (861个交易日)
2025-07-24 18:36:48,351 - etf_data_warehouse - INFO - ✅ 399006.SZ 数据处理完成 (861个交易日)
2025-07-24 18:36:49,696 - etf_data_warehouse - INFO - ✅ 512100.SH 数据处理完成 (860个交易日)
2025-07-24 18:36:53,853 - etf_data_warehouse - WARNING - ⚠️ 159915.SZ 无法获取到数据，可能是新上市或已退市
2025-07-24 18:36:55,324 - etf_data_warehouse - WARNING - ⚠️ 159919.SZ 无法获取到数据，可能是新上市或已退市
2025-07-24 18:36:55,326 - etf_data_warehouse - INFO - ✅ 数据仓刷新完成，成功处理 11/15 只股票
2025-07-24 18:37:22,527 - etf_data_warehouse - INFO - 开始构建ETF/指数数据仓库...
2025-07-24 18:37:22,528 - etf_data_warehouse - INFO - 标的池读取成功，共 13 个标的 (来源: universe_small.csv)
2025-07-24 18:37:24,258 - etf_data_warehouse - INFO - ✅ 000016.SH 数据处理完成 (861个交易日)
2025-07-24 18:37:24,268 - etf_data_warehouse - INFO - ✅ 000300.SH 数据处理完成 (861个交易日)
2025-07-24 18:37:25,933 - etf_data_warehouse - INFO - ✅ 399001.SZ 数据处理完成 (861个交易日)
2025-07-24 18:37:25,955 - etf_data_warehouse - INFO - ✅ 000905.SH 数据处理完成 (861个交易日)
2025-07-24 18:37:25,992 - etf_data_warehouse - INFO - ✅ 000688.SH 数据处理完成 (861个交易日)
2025-07-24 18:37:26,141 - etf_data_warehouse - INFO - ✅ 000001.SH 数据处理完成 (861个交易日)
2025-07-24 18:37:26,146 - etf_data_warehouse - INFO - ✅ 000852.SH 数据处理完成 (861个交易日)
2025-07-24 18:37:27,602 - etf_data_warehouse - INFO - ✅ 932000.CSI 数据处理完成 (861个交易日)
2025-07-24 18:37:27,734 - etf_data_warehouse - INFO - ✅ 399006.SZ 数据处理完成 (861个交易日)
2025-07-24 18:37:27,737 - etf_data_warehouse - INFO - ✅ 510050.SH 数据处理完成 (861个交易日)
2025-07-24 18:37:27,810 - etf_data_warehouse - INFO - ✅ 510300.SH 数据处理完成 (861个交易日)
2025-07-24 18:37:27,813 - etf_data_warehouse - INFO - ✅ 510500.SH 数据处理完成 (861个交易日)
2025-07-24 18:37:29,606 - etf_data_warehouse - INFO - ✅ 512100.SH 数据处理完成 (860个交易日)
2025-07-24 18:37:29,608 - etf_data_warehouse - INFO - ✅ 数据仓刷新完成，成功处理 13/13 只股票
2025-07-24 23:37:20,180 - etf_data_warehouse - INFO - 开始构建ETF/指数数据仓库...
2025-07-24 23:37:20,181 - etf_data_warehouse - INFO - 标的池读取成功，共 13 个标的 (来源: universe_small.csv)
2025-07-24 23:37:22,138 - etf_data_warehouse - INFO - ✅ 000905.SH 数据处理完成 (861个交易日)
2025-07-24 23:37:22,138 - etf_data_warehouse - INFO - ✅ 000300.SH 数据处理完成 (861个交易日)
2025-07-24 23:37:22,620 - etf_data_warehouse - INFO - ✅ 000016.SH 数据处理完成 (861个交易日)
2025-07-24 23:37:22,861 - etf_data_warehouse - INFO - ✅ 000001.SH 数据处理完成 (861个交易日)
2025-07-24 23:37:22,886 - etf_data_warehouse - INFO - ✅ 000852.SH 数据处理完成 (861个交易日)
2025-07-24 23:37:23,930 - etf_data_warehouse - INFO - ✅ 399001.SZ 数据处理完成 (861个交易日)
2025-07-24 23:37:24,042 - etf_data_warehouse - INFO - ✅ 000688.SH 数据处理完成 (861个交易日)
2025-07-24 23:37:24,668 - etf_data_warehouse - INFO - ✅ 399006.SZ 数据处理完成 (861个交易日)
2025-07-24 23:37:24,744 - etf_data_warehouse - INFO - ✅ 932000.CSI 数据处理完成 (861个交易日)
2025-07-24 23:37:24,911 - etf_data_warehouse - INFO - ✅ 510050.SH 数据处理完成 (861个交易日)
2025-07-24 23:37:25,664 - etf_data_warehouse - INFO - ✅ 510300.SH 数据处理完成 (861个交易日)
2025-07-24 23:37:25,698 - etf_data_warehouse - INFO - ✅ 510500.SH 数据处理完成 (861个交易日)
2025-07-24 23:37:26,431 - etf_data_warehouse - INFO - ✅ 512100.SH 数据处理完成 (860个交易日)
2025-07-24 23:37:26,432 - etf_data_warehouse - INFO - ✅ 数据仓刷新完成，成功处理 13/13 只股票
2025-07-25 00:09:15,296 - etf_data_warehouse - INFO - 开始构建ETF/指数数据仓库...
2025-07-25 00:09:15,297 - etf_data_warehouse - INFO - 标的池读取成功，共 13 个标的 (来源: universe_small.csv)
2025-07-25 00:09:18,452 - etf_data_warehouse - INFO - ✅ 000016.SH 数据处理完成 (861个交易日)
2025-07-25 00:09:18,518 - etf_data_warehouse - INFO - ✅ 000852.SH 数据处理完成 (861个交易日)
2025-07-25 00:09:18,549 - etf_data_warehouse - INFO - ✅ 000001.SH 数据处理完成 (861个交易日)
2025-07-25 00:09:18,685 - etf_data_warehouse - INFO - ✅ 000300.SH 数据处理完成 (861个交易日)
2025-07-25 00:09:18,714 - etf_data_warehouse - INFO - ✅ 000905.SH 数据处理完成 (861个交易日)
2025-07-25 00:09:20,309 - etf_data_warehouse - INFO - ✅ 000688.SH 数据处理完成 (861个交易日)
2025-07-25 00:09:20,490 - etf_data_warehouse - INFO - ✅ 399006.SZ 数据处理完成 (861个交易日)
2025-07-25 00:09:21,020 - etf_data_warehouse - INFO - ✅ 932000.CSI 数据处理完成 (861个交易日)
2025-07-25 00:09:21,163 - etf_data_warehouse - INFO - ✅ 510050.SH 数据处理完成 (861个交易日)
2025-07-25 00:09:21,349 - etf_data_warehouse - INFO - ✅ 399001.SZ 数据处理完成 (861个交易日)
2025-07-25 00:09:22,499 - etf_data_warehouse - INFO - ✅ 510500.SH 数据处理完成 (861个交易日)
2025-07-25 00:09:22,547 - etf_data_warehouse - INFO - ✅ 510300.SH 数据处理完成 (861个交易日)
2025-07-25 00:09:22,690 - etf_data_warehouse - INFO - ✅ 512100.SH 数据处理完成 (860个交易日)
2025-07-25 00:09:22,692 - etf_data_warehouse - INFO - ✅ 数据仓刷新完成，成功处理 13/13 只股票
2025-07-25 00:11:59,005 - etf_data_warehouse - INFO - 开始构建ETF/指数数据仓库...
2025-07-25 00:11:59,006 - etf_data_warehouse - INFO - 标的池读取成功，共 13 个标的 (来源: universe_small.csv)
2025-07-25 00:12:01,347 - etf_data_warehouse - INFO - ✅ 000016.SH 数据处理完成 (861个交易日)
2025-07-25 00:12:01,347 - etf_data_warehouse - INFO - ✅ 000852.SH 数据处理完成 (861个交易日)
2025-07-25 00:12:01,488 - etf_data_warehouse - INFO - ✅ 000905.SH 数据处理完成 (861个交易日)
2025-07-25 00:12:01,512 - etf_data_warehouse - INFO - ✅ 000300.SH 数据处理完成 (861个交易日)
2025-07-25 00:12:01,755 - etf_data_warehouse - INFO - ✅ 000001.SH 数据处理完成 (861个交易日)
2025-07-25 00:12:03,029 - etf_data_warehouse - INFO - ✅ 399001.SZ 数据处理完成 (861个交易日)
2025-07-25 00:12:03,497 - etf_data_warehouse - INFO - ✅ 399006.SZ 数据处理完成 (861个交易日)
2025-07-25 00:12:03,543 - etf_data_warehouse - INFO - ✅ 932000.CSI 数据处理完成 (861个交易日)
2025-07-25 00:12:03,660 - etf_data_warehouse - INFO - ✅ 000688.SH 数据处理完成 (861个交易日)
2025-07-25 00:12:04,421 - etf_data_warehouse - INFO - ✅ 510050.SH 数据处理完成 (861个交易日)
2025-07-25 00:12:04,830 - etf_data_warehouse - INFO - ✅ 510300.SH 数据处理完成 (861个交易日)
2025-07-25 00:12:05,217 - etf_data_warehouse - INFO - ✅ 512100.SH 数据处理完成 (860个交易日)
2025-07-25 00:12:05,248 - etf_data_warehouse - INFO - ✅ 510500.SH 数据处理完成 (861个交易日)
2025-07-25 00:12:05,248 - etf_data_warehouse - INFO - ✅ 数据仓刷新完成，成功处理 13/13 只股票
