2025-07-24 17:31:04,154 - universe_updater - INFO - 获取到 2202 只ETF
2025-07-24 17:31:04,158 - universe_updater - INFO - ✅ 标的池已更新，共2202个标的，已保存至/Users/feizhanxia/Documents/Heyuan/量化1期/codes/backtest_frame_v2/config/universe.csv
2025-07-24 17:33:25,955 - universe_updater - INFO - ✅ 测试标的池已创建，共6个标的，已保存至/Users/feizhanxia/Documents/Heyuan/量化1期/codes/backtest_frame_v2/config/universe_test.csv
2025-07-24 18:02:06,809 - universe_updater - INFO - 获取到 2202 只ETF
2025-07-24 18:02:06,812 - universe_updater - INFO - ✅ 标的池已更新，共2202个标的，已保存至/Users/feizhanxia/Documents/Heyuan/量化1期/codes/backtest_frame_v2/config/universe.csv
2025-07-24 18:19:39,166 - universe_updater - INFO - ✅ 标的池已更新，共9个标的，已保存至/Users/feizhanxia/Documents/Heyuan/量化1期/codes/backtest_frame_v2/config/universe.csv
2025-07-24 18:32:53,015 - universe_updater - INFO - 获取到 2202 只ETF
2025-07-24 18:32:53,019 - universe_updater - INFO - ✅ 标的池已更新，共2202个标的，已保存至/Users/feizhanxia/Documents/Heyuan/量化1期/codes/backtest_frame_v2/config/universe.csv
2025-07-24 23:15:21,957 - universe_updater - INFO - ✅ 标的池已更新，共9个标的，已保存至/Users/feizhanxia/Documents/Heyuan/量化1期/codes/backtest_frame_v2/config/universe.csv
2025-07-24 23:17:57,590 - universe_updater - INFO - ✅ 标的池已更新，共9个标的，已保存至config/all_indices.csv
2025-07-24 23:18:37,001 - universe_updater - INFO - 开始获取所有指数...
2025-07-24 23:18:39,123 - universe_updater - INFO - 获取上交所指数 570 个
2025-07-24 23:18:41,199 - universe_updater - INFO - 获取深交所指数 446 个
2025-07-24 23:18:43,153 - universe_updater - INFO - 获取中证指数 3915 个
2025-07-24 23:18:43,156 - universe_updater - INFO - 获取全部指数 4931 个（去重后）
2025-07-24 23:18:43,160 - universe_updater - INFO - ✅ 标的池已更新，共4931个标的，已保存至config/all_indices_full.csv
2025-07-24 23:19:25,778 - universe_updater - INFO - 获取到 2202 只ETF
2025-07-24 23:19:25,782 - universe_updater - INFO - ✅ 标的池已更新，共2211个标的，已保存至config/universe_main_both.csv
2025-07-24 23:20:50,229 - universe_updater - INFO - 获取到 2202 只ETF
2025-07-24 23:20:50,233 - universe_updater - INFO - ✅ 标的池已更新，共2202个标的，已保存至test_outputs/main_etf.csv
2025-07-24 23:20:50,545 - universe_updater - INFO - ✅ 标的池已更新，共9个标的，已保存至test_outputs/main_index.csv
2025-07-24 23:20:50,853 - universe_updater - INFO - 开始获取所有指数...
2025-07-24 23:20:52,363 - universe_updater - INFO - 获取上交所指数 570 个
2025-07-24 23:20:54,400 - universe_updater - INFO - 获取深交所指数 446 个
2025-07-24 23:20:56,748 - universe_updater - INFO - 获取中证指数 3915 个
2025-07-24 23:20:56,749 - universe_updater - INFO - 获取全部指数 4931 个（去重后）
2025-07-24 23:20:56,754 - universe_updater - INFO - ✅ 标的池已更新，共4931个标的，已保存至test_outputs/all_index.csv
2025-07-24 23:21:00,248 - universe_updater - INFO - 获取到 2202 只ETF
2025-07-24 23:21:00,251 - universe_updater - INFO - ✅ 标的池已更新，共2211个标的，已保存至test_outputs/main_both.csv
2025-07-24 23:21:03,679 - universe_updater - INFO - 获取到 2202 只ETF
2025-07-24 23:21:03,680 - universe_updater - INFO - 开始获取所有指数...
2025-07-24 23:21:05,535 - universe_updater - INFO - 获取上交所指数 570 个
2025-07-24 23:21:07,196 - universe_updater - INFO - 获取深交所指数 446 个
2025-07-24 23:21:09,075 - universe_updater - INFO - 获取中证指数 3915 个
2025-07-24 23:21:09,077 - universe_updater - INFO - 获取全部指数 4931 个（去重后）
2025-07-24 23:21:09,082 - universe_updater - INFO - ✅ 标的池已更新，共7133个标的，已保存至test_outputs/main_etf_all_index.csv
